2025-05-10 14:51:59 [INFO]: Starting Pierre AI Desktop Assistant... 
2025-05-10 14:51:59 [INFO]: Setting up AI components... 
2025-05-10 14:51:59 [INFO]: Language model initialized successfully 
2025-05-10 14:51:59 [INFO]: AI components initialized successfully 
2025-05-10 14:51:59 [INFO]: Pierre is now running 
2025-05-10 14:51:59 [INFO]: Remote server available at http://localhost:3333 
2025-05-10 14:51:59 [INFO]: Remote server started at http://localhost:3333 
2025-05-10 14:54:53 [INFO]: Starting Pierre AI Desktop Assistant... 
2025-05-10 14:54:53 [INFO]: Setting up AI components... 
2025-05-10 14:54:53 [INFO]: Language model initialized successfully 
2025-05-10 14:54:53 [INFO]: AI components initialized successfully 
2025-05-10 14:54:53 [INFO]: Pierre is now running 
2025-05-10 14:54:53 [INFO]: Remote server available at http://localhost:3333 
2025-05-10 14:54:53 [INFO]: Remote server started at http://localhost:3333 
2025-05-10 14:55:32 [INFO]: Starting Pierre AI Desktop Assistant... 
2025-05-10 14:55:32 [INFO]: Setting up AI components... 
2025-05-10 14:55:32 [INFO]: Language model initialized successfully 
2025-05-10 14:55:32 [INFO]: AI components initialized successfully 
2025-05-10 14:55:32 [INFO]: Pierre is now running 
2025-05-10 14:55:32 [INFO]: Remote server available at http://localhost:3333 
2025-05-10 14:55:32 [INFO]: Remote server started at http://localhost:3333 
2025-05-10 15:01:14 [INFO]: Starting Pierre AI Desktop Assistant... 
2025-05-10 15:01:14 [INFO]: Setting up AI components... 
2025-05-10 15:01:14 [INFO]: Language model initialized successfully 
2025-05-10 15:01:14 [INFO]: AI components initialized successfully 
2025-05-10 15:01:14 [INFO]: Pierre is now running 
2025-05-10 15:01:14 [INFO]: Remote server available at http://localhost:3333 
2025-05-10 15:01:14 [INFO]: Remote server started at http://localhost:3333 
2025-05-10 15:03:37 [INFO]: Starting Pierre AI Desktop Assistant... 
2025-05-10 15:03:37 [INFO]: Setting up AI components... 
2025-05-10 15:03:37 [INFO]: Language model initialized successfully 
2025-05-10 15:03:37 [INFO]: AI components initialized successfully 
2025-05-10 15:03:37 [INFO]: Pierre is now running 
2025-05-10 15:03:37 [INFO]: Remote server available at http://localhost:3333 
2025-05-10 15:03:37 [INFO]: Remote server started at http://localhost:3333 
2025-05-10 15:03:40 [INFO]: Starting Pierre AI Desktop Assistant... 
2025-05-10 15:03:40 [INFO]: Setting up AI components... 
2025-05-10 15:03:40 [INFO]: Language model initialized successfully 
2025-05-10 15:03:40 [INFO]: AI components initialized successfully 
2025-05-10 15:03:40 [INFO]: Pierre is now running 
2025-05-10 15:03:40 [INFO]: Remote server available at http://localhost:3333 
2025-05-10 15:03:40 [INFO]: Remote server started at http://localhost:3333 
undefined
undefined
undefined
undefined
undefined
undefined
undefined
2025-05-10 15:03:50 [INFO]: Starting Pierre AI Desktop Assistant... 
2025-05-10 15:03:50 [INFO]: Setting up AI components... 
2025-05-10 15:03:50 [INFO]: Language model initialized successfully 
2025-05-10 15:03:50 [INFO]: AI components initialized successfully 
2025-05-10 15:03:50 [INFO]: Pierre is now running 
2025-05-10 15:03:50 [INFO]: Remote server available at http://localhost:3333 
2025-05-10 15:03:50 [INFO]: Remote server started at http://localhost:3333 
2025-05-10 15:04:07 []: Starting Pierre AI Desktop Assistant... 
2025-05-10 15:04:07 []: Setting up AI components... 
2025-05-10 15:04:07 []: Language model initialized successfully 
2025-05-10 15:04:07 []: AI components initialized successfully 
2025-05-10 15:04:07 []: Pierre is now running 
2025-05-10 15:04:07 []: Remote server available at http://localhost:3333 
2025-05-10 15:04:07 []: Remote server started at http://localhost:3333 
2025-05-10 15:04:10 [INFO]: Starting Pierre AI Desktop Assistant... 
2025-05-10 15:04:10 [INFO]: Setting up AI components... 
2025-05-10 15:04:10 [INFO]: Language model initialized successfully 
2025-05-10 15:04:10 [INFO]: AI components initialized successfully 
2025-05-10 15:04:10 [INFO]: Pierre is now running 
2025-05-10 15:04:10 [INFO]: Remote server available at http://localhost:3333 
2025-05-10 15:04:10 [INFO]: Remote server started at http://localhost:3333 
2025-05-10 15:05:01 [info]: Starting Pierre AI Desktop Assistant... 
2025-05-10 15:05:01 [info]: Setting up AI components... 
2025-05-10 15:05:01 [info]: Language model initialized successfully 
2025-05-10 15:05:01 [info]: AI components initialized successfully 
2025-05-10 15:05:01 [info]: Pierre is now running 
2025-05-10 15:05:01 [info]: Remote server available at http://localhost:3333 
2025-05-10 15:05:01 [info]: Remote server started at http://localhost:3333 
2025-05-10 15:05:25 [error,warn,info,http,debug]: Starting Pierre AI Desktop Assistant... 
2025-05-10 15:05:25 [error,warn,info,http,debug]: Setting up AI components... 
2025-05-10 15:05:25 [error,warn,info,http,debug]: Language model initialized successfully 
2025-05-10 15:05:25 [error,warn,info,http,debug]: AI components initialized successfully 
2025-05-10 15:05:25 [error,warn,info,http,debug]: Pierre is now running 
2025-05-10 15:05:25 [error,warn,info,http,debug]: Remote server available at http://localhost:3333 
2025-05-10 15:05:25 [error,warn,info,http,debug]: Remote server started at http://localhost:3333 
2025-05-10 15:06:01 [info]: Starting Pierre AI Desktop Assistant... 
2025-05-10 15:06:01 [info]: Setting up AI components... 
2025-05-10 15:06:01 [info]: Language model initialized successfully 
2025-05-10 15:06:01 [info]: AI components initialized successfully 
2025-05-10 15:06:01 [info]: Pierre is now running 
2025-05-10 15:06:01 [info]: Remote server available at http://localhost:3333 
2025-05-10 15:06:01 [info]: Remote server started at http://localhost:3333 
2025-05-10 15:06:23 [info]: Starting Pierre AI Desktop Assistant... 
2025-05-10 15:06:23 [info]: Setting up AI components... 
2025-05-10 15:06:23 [info]: Language model initialized successfully 
2025-05-10 15:06:23 [info]: AI components initialized successfully 
2025-05-10 15:06:23 [info]: Pierre is now running 
2025-05-10 15:06:23 [info]: Remote server available at http://localhost:3333 
2025-05-10 15:06:23 [info]: Remote server started at http://localhost:3333 
2025-05-10 15:07:14 [undefined]: Starting Pierre AI Desktop Assistant... 
2025-05-10 15:07:14 [undefined]: Setting up AI components... 
2025-05-10 15:07:14 [undefined]: Language model initialized successfully 
2025-05-10 15:07:14 [undefined]: AI components initialized successfully 
2025-05-10 15:07:14 [undefined]: Pierre is now running 
2025-05-10 15:07:14 [undefined]: Remote server available at http://localhost:3333 
2025-05-10 15:07:14 [undefined]: Remote server started at http://localhost:3333 
2025-05-10 15:08:28 [info]: Starting Pierre AI Desktop Assistant... 
2025-05-10 15:08:28 [info]: Setting up AI components... 
2025-05-10 15:08:28 [info]: Language model initialized successfully 
2025-05-10 15:08:28 [info]: AI components initialized successfully 
2025-05-10 15:08:28 [info]: Pierre is now running 
2025-05-10 15:08:28 [info]: Remote server available at http://localhost:3333 
2025-05-10 15:08:28 [info]: Remote server started at http://localhost:3333 
2025-05-10 15:08:58 [info]: Starting Pierre AI Desktop Assistant... 
2025-05-10 15:08:58 [info]: Setting up AI components... 
2025-05-10 15:08:58 [info]: Language model initialized successfully 
2025-05-10 15:08:58 [info]: AI components initialized successfully 
2025-05-10 15:08:58 [info]: Pierre is now running 
2025-05-10 15:08:58 [info]: Remote server available at http://localhost:3333 
2025-05-10 15:08:58 [info]: Remote server started at http://localhost:3333 
2025-05-10 15:09:05 [info]: Starting Pierre AI Desktop Assistant... 
2025-05-10 15:09:05 [info]: Setting up AI components... 
2025-05-10 15:09:05 [info]: Language model initialized successfully 
2025-05-10 15:09:05 [info]: AI components initialized successfully 
2025-05-10 15:09:05 [info]: Pierre is now running 
2025-05-10 15:09:05 [info]: Remote server available at http://localhost:3333 
2025-05-10 15:09:05 [info]: Remote server started at http://localhost:3333 
